2025-06-13 05:29:51,794 - pregeneration_scheduler - INFO - Card pre-generation scheduler started
2025-06-13 05:29:51,794 - pregeneration_scheduler - INFO - Will generate cards every 32 minutes
2025-06-13 05:29:51,794 - pregeneration_scheduler - INFO - Running initial card generation...
2025-06-13 05:29:52,209 - pregeneration_scheduler - INFO - Initial card generation completed
2025-06-13 05:29:52,209 - pregeneration_scheduler - INFO - Next generation in 31 minutes and 59 seconds
2025-06-13 05:30:52,210 - pregeneration_scheduler - INFO - Next generation in 30 minutes and 59 seconds
2025-06-13 05:31:52,210 - pregeneration_scheduler - INFO - Next generation in 29 minutes and 59 seconds
2025-06-13 05:32:52,211 - pregeneration_scheduler - INFO - Next generation in 28 minutes and 59 seconds
2025-06-13 05:33:52,211 - pregeneration_scheduler - INFO - Next generation in 27 minutes and 59 seconds
2025-06-13 05:34:52,212 - pregeneration_scheduler - INFO - Next generation in 26 minutes and 59 seconds
2025-06-13 05:35:52,212 - pregeneration_scheduler - INFO - Next generation in 25 minutes and 59 seconds
2025-06-13 05:36:52,212 - pregeneration_scheduler - INFO - Next generation in 24 minutes and 59 seconds
2025-06-13 05:37:52,213 - pregeneration_scheduler - INFO - Next generation in 23 minutes and 59 seconds
2025-06-13 05:38:52,213 - pregeneration_scheduler - INFO - Next generation in 22 minutes and 59 seconds
2025-06-13 05:39:52,214 - pregeneration_scheduler - INFO - Next generation in 21 minutes and 59 seconds
2025-06-13 05:40:52,214 - pregeneration_scheduler - INFO - Next generation in 20 minutes and 59 seconds
2025-06-13 05:41:52,215 - pregeneration_scheduler - INFO - Next generation in 19 minutes and 59 seconds
2025-06-13 05:42:52,215 - pregeneration_scheduler - INFO - Next generation in 18 minutes and 59 seconds
2025-06-13 05:43:52,216 - pregeneration_scheduler - INFO - Next generation in 17 minutes and 59 seconds
2025-06-13 05:44:52,216 - pregeneration_scheduler - INFO - Next generation in 16 minutes and 59 seconds
2025-06-13 05:45:52,216 - pregeneration_scheduler - INFO - Next generation in 15 minutes and 59 seconds
2025-06-13 05:46:52,217 - pregeneration_scheduler - INFO - Next generation in 14 minutes and 59 seconds
2025-06-13 05:47:52,217 - pregeneration_scheduler - INFO - Next generation in 13 minutes and 59 seconds
2025-06-13 05:48:52,217 - pregeneration_scheduler - INFO - Next generation in 12 minutes and 59 seconds
2025-06-13 05:49:52,218 - pregeneration_scheduler - INFO - Next generation in 11 minutes and 59 seconds
2025-06-13 05:50:52,218 - pregeneration_scheduler - INFO - Next generation in 10 minutes and 59 seconds
2025-06-13 05:51:52,218 - pregeneration_scheduler - INFO - Next generation in 9 minutes and 59 seconds
2025-06-13 05:52:52,219 - pregeneration_scheduler - INFO - Next generation in 8 minutes and 59 seconds
2025-06-13 05:53:52,219 - pregeneration_scheduler - INFO - Next generation in 7 minutes and 59 seconds
2025-06-13 05:54:52,220 - pregeneration_scheduler - INFO - Next generation in 6 minutes and 59 seconds
2025-06-13 05:55:52,220 - pregeneration_scheduler - INFO - Next generation in 5 minutes and 59 seconds
2025-06-13 05:56:52,221 - pregeneration_scheduler - INFO - Next generation in 4 minutes and 59 seconds
2025-06-13 05:57:52,221 - pregeneration_scheduler - INFO - Next generation in 3 minutes and 59 seconds
2025-06-13 05:58:52,222 - pregeneration_scheduler - INFO - Next generation in 2 minutes and 59 seconds
2025-06-13 05:59:52,222 - pregeneration_scheduler - INFO - Next generation in 1 minutes and 59 seconds
2025-06-13 06:00:52,222 - pregeneration_scheduler - INFO - Next generation in 0 minutes and 59 seconds
2025-06-13 06:01:52,210 - pregeneration_scheduler - INFO - Running scheduled card generation at 2025-06-13 06:01:52
2025-06-13 06:03:19,961 - pregeneration_scheduler - INFO - Scheduled card generation completed
2025-06-13 06:03:19,961 - pregeneration_scheduler - INFO - Next generation in 31 minutes and 59 seconds
2025-06-13 06:04:19,962 - pregeneration_scheduler - INFO - Next generation in 30 minutes and 59 seconds
2025-06-13 06:05:19,962 - pregeneration_scheduler - INFO - Next generation in 29 minutes and 59 seconds
2025-06-13 06:06:19,963 - pregeneration_scheduler - INFO - Next generation in 28 minutes and 59 seconds
2025-06-13 06:07:19,963 - pregeneration_scheduler - INFO - Next generation in 27 minutes and 59 seconds
2025-06-13 06:08:19,964 - pregeneration_scheduler - INFO - Next generation in 26 minutes and 59 seconds
2025-06-13 06:09:19,964 - pregeneration_scheduler - INFO - Next generation in 25 minutes and 59 seconds
2025-06-13 06:10:19,965 - pregeneration_scheduler - INFO - Next generation in 24 minutes and 59 seconds
2025-06-13 06:11:19,965 - pregeneration_scheduler - INFO - Next generation in 23 minutes and 59 seconds
2025-06-13 06:12:19,966 - pregeneration_scheduler - INFO - Next generation in 22 minutes and 59 seconds
2025-06-13 06:13:19,966 - pregeneration_scheduler - INFO - Next generation in 21 minutes and 59 seconds
2025-06-13 06:14:19,967 - pregeneration_scheduler - INFO - Next generation in 20 minutes and 59 seconds
2025-06-13 06:15:19,967 - pregeneration_scheduler - INFO - Next generation in 19 minutes and 59 seconds
2025-06-13 06:16:19,968 - pregeneration_scheduler - INFO - Next generation in 18 minutes and 59 seconds
2025-06-13 06:17:19,968 - pregeneration_scheduler - INFO - Next generation in 17 minutes and 59 seconds
2025-06-13 06:18:19,969 - pregeneration_scheduler - INFO - Next generation in 16 minutes and 59 seconds
2025-06-13 06:19:19,969 - pregeneration_scheduler - INFO - Next generation in 15 minutes and 59 seconds
2025-06-13 06:20:19,969 - pregeneration_scheduler - INFO - Next generation in 14 minutes and 59 seconds
2025-06-13 06:21:19,970 - pregeneration_scheduler - INFO - Next generation in 13 minutes and 59 seconds
2025-06-13 06:22:19,970 - pregeneration_scheduler - INFO - Next generation in 12 minutes and 59 seconds
2025-06-13 06:23:19,971 - pregeneration_scheduler - INFO - Next generation in 11 minutes and 59 seconds
2025-06-13 06:24:19,971 - pregeneration_scheduler - INFO - Next generation in 10 minutes and 59 seconds
2025-06-13 06:25:19,972 - pregeneration_scheduler - INFO - Next generation in 9 minutes and 59 seconds
2025-06-13 06:26:19,972 - pregeneration_scheduler - INFO - Next generation in 8 minutes and 59 seconds
2025-06-13 06:27:19,973 - pregeneration_scheduler - INFO - Next generation in 7 minutes and 59 seconds
2025-06-13 06:28:19,973 - pregeneration_scheduler - INFO - Next generation in 6 minutes and 59 seconds
2025-06-13 06:29:19,973 - pregeneration_scheduler - INFO - Next generation in 5 minutes and 59 seconds
2025-06-13 06:30:19,974 - pregeneration_scheduler - INFO - Next generation in 4 minutes and 59 seconds
2025-06-13 06:31:19,974 - pregeneration_scheduler - INFO - Next generation in 3 minutes and 59 seconds
2025-06-13 06:32:19,975 - pregeneration_scheduler - INFO - Next generation in 2 minutes and 59 seconds
2025-06-13 06:33:19,975 - pregeneration_scheduler - INFO - Next generation in 1 minutes and 59 seconds
2025-06-13 06:34:19,976 - pregeneration_scheduler - INFO - Next generation in 0 minutes and 59 seconds
2025-06-13 06:35:19,962 - pregeneration_scheduler - INFO - Running scheduled card generation at 2025-06-13 06:35:19
2025-06-13 06:35:20,241 - pregeneration_scheduler - INFO - Scheduled card generation completed
2025-06-13 06:35:20,241 - pregeneration_scheduler - INFO - Next generation in 31 minutes and 59 seconds
2025-06-13 06:36:20,241 - pregeneration_scheduler - INFO - Next generation in 30 minutes and 59 seconds
2025-06-13 06:37:20,242 - pregeneration_scheduler - INFO - Next generation in 29 minutes and 59 seconds
2025-06-13 06:38:20,242 - pregeneration_scheduler - INFO - Next generation in 28 minutes and 59 seconds
2025-06-13 06:39:20,242 - pregeneration_scheduler - INFO - Next generation in 27 minutes and 59 seconds
2025-06-13 06:40:20,242 - pregeneration_scheduler - INFO - Next generation in 26 minutes and 59 seconds
2025-06-13 06:41:20,243 - pregeneration_scheduler - INFO - Next generation in 25 minutes and 59 seconds
2025-06-13 06:42:20,243 - pregeneration_scheduler - INFO - Next generation in 24 minutes and 59 seconds
2025-06-13 06:43:20,244 - pregeneration_scheduler - INFO - Next generation in 23 minutes and 59 seconds
2025-06-13 06:44:20,244 - pregeneration_scheduler - INFO - Next generation in 22 minutes and 59 seconds
2025-06-13 06:45:20,244 - pregeneration_scheduler - INFO - Next generation in 21 minutes and 59 seconds
2025-06-13 06:46:20,245 - pregeneration_scheduler - INFO - Next generation in 20 minutes and 59 seconds
2025-06-13 06:47:20,245 - pregeneration_scheduler - INFO - Next generation in 19 minutes and 59 seconds
2025-06-13 06:48:20,245 - pregeneration_scheduler - INFO - Next generation in 18 minutes and 59 seconds
2025-06-13 06:49:20,245 - pregeneration_scheduler - INFO - Next generation in 17 minutes and 59 seconds
2025-06-13 06:50:20,246 - pregeneration_scheduler - INFO - Next generation in 16 minutes and 59 seconds
2025-06-13 06:51:20,246 - pregeneration_scheduler - INFO - Next generation in 15 minutes and 59 seconds
2025-06-13 06:52:20,248 - pregeneration_scheduler - INFO - Next generation in 14 minutes and 59 seconds
2025-06-13 06:53:20,250 - pregeneration_scheduler - INFO - Next generation in 13 minutes and 59 seconds
2025-06-13 06:54:20,250 - pregeneration_scheduler - INFO - Next generation in 12 minutes and 59 seconds
2025-06-13 06:55:20,250 - pregeneration_scheduler - INFO - Next generation in 11 minutes and 59 seconds
2025-06-13 06:56:20,252 - pregeneration_scheduler - INFO - Next generation in 10 minutes and 59 seconds
2025-06-13 06:57:20,252 - pregeneration_scheduler - INFO - Next generation in 9 minutes and 59 seconds
2025-06-13 06:58:20,253 - pregeneration_scheduler - INFO - Next generation in 8 minutes and 59 seconds
2025-06-13 06:59:20,253 - pregeneration_scheduler - INFO - Next generation in 7 minutes and 59 seconds
2025-06-13 07:00:20,253 - pregeneration_scheduler - INFO - Next generation in 6 minutes and 59 seconds
2025-06-13 07:01:20,254 - pregeneration_scheduler - INFO - Next generation in 5 minutes and 59 seconds
2025-06-13 07:02:20,254 - pregeneration_scheduler - INFO - Next generation in 4 minutes and 59 seconds
2025-06-13 07:03:20,254 - pregeneration_scheduler - INFO - Next generation in 3 minutes and 59 seconds
2025-06-13 07:04:20,255 - pregeneration_scheduler - INFO - Next generation in 2 minutes and 59 seconds
2025-06-13 07:05:20,255 - pregeneration_scheduler - INFO - Next generation in 1 minutes and 59 seconds
2025-06-13 07:06:20,255 - pregeneration_scheduler - INFO - Next generation in 0 minutes and 59 seconds
2025-06-13 07:07:20,241 - pregeneration_scheduler - INFO - Running scheduled card generation at 2025-06-13 07:07:20
2025-06-13 07:09:00,872 - pregeneration_scheduler - INFO - Scheduled card generation completed
2025-06-13 07:09:00,872 - pregeneration_scheduler - INFO - Next generation in 31 minutes and 59 seconds
2025-06-13 07:10:00,872 - pregeneration_scheduler - INFO - Next generation in 30 minutes and 59 seconds
2025-06-13 07:11:00,873 - pregeneration_scheduler - INFO - Next generation in 29 minutes and 59 seconds
2025-06-13 07:12:00,874 - pregeneration_scheduler - INFO - Next generation in 28 minutes and 59 seconds
2025-06-13 07:13:00,875 - pregeneration_scheduler - INFO - Next generation in 27 minutes and 59 seconds
2025-06-13 07:14:00,876 - pregeneration_scheduler - INFO - Next generation in 26 minutes and 59 seconds
2025-06-13 07:15:00,877 - pregeneration_scheduler - INFO - Next generation in 25 minutes and 59 seconds
2025-06-13 07:16:00,877 - pregeneration_scheduler - INFO - Next generation in 24 minutes and 59 seconds
2025-06-13 07:17:00,878 - pregeneration_scheduler - INFO - Next generation in 23 minutes and 59 seconds
2025-06-13 07:18:00,878 - pregeneration_scheduler - INFO - Next generation in 22 minutes and 59 seconds
2025-06-13 07:19:00,879 - pregeneration_scheduler - INFO - Next generation in 21 minutes and 59 seconds
2025-06-13 07:20:00,879 - pregeneration_scheduler - INFO - Next generation in 20 minutes and 59 seconds
2025-06-13 07:21:00,880 - pregeneration_scheduler - INFO - Next generation in 19 minutes and 59 seconds
2025-06-13 07:22:00,880 - pregeneration_scheduler - INFO - Next generation in 18 minutes and 59 seconds
2025-06-13 07:23:00,880 - pregeneration_scheduler - INFO - Next generation in 17 minutes and 59 seconds
2025-06-13 07:24:00,881 - pregeneration_scheduler - INFO - Next generation in 16 minutes and 59 seconds
2025-06-13 07:25:00,881 - pregeneration_scheduler - INFO - Next generation in 15 minutes and 59 seconds
2025-06-13 07:26:00,882 - pregeneration_scheduler - INFO - Next generation in 14 minutes and 59 seconds
2025-06-13 07:27:00,882 - pregeneration_scheduler - INFO - Next generation in 13 minutes and 59 seconds
2025-06-13 07:28:00,883 - pregeneration_scheduler - INFO - Next generation in 12 minutes and 59 seconds
2025-06-13 07:29:00,883 - pregeneration_scheduler - INFO - Next generation in 11 minutes and 59 seconds
2025-06-13 07:30:00,884 - pregeneration_scheduler - INFO - Next generation in 10 minutes and 59 seconds
2025-06-13 07:31:00,884 - pregeneration_scheduler - INFO - Next generation in 9 minutes and 59 seconds
2025-06-13 07:32:00,884 - pregeneration_scheduler - INFO - Next generation in 8 minutes and 59 seconds
2025-06-13 07:33:00,885 - pregeneration_scheduler - INFO - Next generation in 7 minutes and 59 seconds
2025-06-13 07:34:00,885 - pregeneration_scheduler - INFO - Next generation in 6 minutes and 59 seconds
2025-06-13 07:35:00,885 - pregeneration_scheduler - INFO - Next generation in 5 minutes and 59 seconds
2025-06-13 07:36:00,885 - pregeneration_scheduler - INFO - Next generation in 4 minutes and 59 seconds
2025-06-13 07:37:00,886 - pregeneration_scheduler - INFO - Next generation in 3 minutes and 59 seconds
2025-06-13 07:38:00,886 - pregeneration_scheduler - INFO - Next generation in 2 minutes and 59 seconds
2025-06-13 07:39:00,887 - pregeneration_scheduler - INFO - Next generation in 1 minutes and 59 seconds
2025-06-13 07:40:00,887 - pregeneration_scheduler - INFO - Next generation in 0 minutes and 59 seconds
2025-06-13 07:41:00,873 - pregeneration_scheduler - INFO - Running scheduled card generation at 2025-06-13 07:41:00
2025-06-13 07:42:40,920 - pregeneration_scheduler - INFO - Scheduled card generation completed
2025-06-13 07:42:40,920 - pregeneration_scheduler - INFO - Next generation in 31 minutes and 59 seconds
2025-06-13 07:43:40,920 - pregeneration_scheduler - INFO - Next generation in 30 minutes and 59 seconds
2025-06-13 07:44:40,920 - pregeneration_scheduler - INFO - Next generation in 29 minutes and 59 seconds
2025-06-13 07:45:40,921 - pregeneration_scheduler - INFO - Next generation in 28 minutes and 59 seconds
2025-06-13 07:46:40,921 - pregeneration_scheduler - INFO - Next generation in 27 minutes and 59 seconds
2025-06-13 07:47:40,921 - pregeneration_scheduler - INFO - Next generation in 26 minutes and 59 seconds
2025-06-13 07:48:40,922 - pregeneration_scheduler - INFO - Next generation in 25 minutes and 59 seconds
2025-06-13 07:49:40,922 - pregeneration_scheduler - INFO - Next generation in 24 minutes and 59 seconds
2025-06-13 07:50:40,923 - pregeneration_scheduler - INFO - Next generation in 23 minutes and 59 seconds
2025-06-13 07:51:40,923 - pregeneration_scheduler - INFO - Next generation in 22 minutes and 59 seconds
2025-06-13 07:52:40,923 - pregeneration_scheduler - INFO - Next generation in 21 minutes and 59 seconds
2025-06-13 07:53:40,924 - pregeneration_scheduler - INFO - Next generation in 20 minutes and 59 seconds
2025-06-13 07:54:40,927 - pregeneration_scheduler - INFO - Next generation in 19 minutes and 59 seconds
2025-06-13 07:55:40,927 - pregeneration_scheduler - INFO - Next generation in 18 minutes and 59 seconds
2025-06-13 07:56:40,928 - pregeneration_scheduler - INFO - Next generation in 17 minutes and 59 seconds
2025-06-13 07:57:40,928 - pregeneration_scheduler - INFO - Next generation in 16 minutes and 59 seconds
2025-06-13 07:58:40,929 - pregeneration_scheduler - INFO - Next generation in 15 minutes and 59 seconds
2025-06-13 07:59:40,930 - pregeneration_scheduler - INFO - Next generation in 14 minutes and 59 seconds
2025-06-13 08:00:40,930 - pregeneration_scheduler - INFO - Next generation in 13 minutes and 59 seconds
2025-06-13 08:01:40,931 - pregeneration_scheduler - INFO - Next generation in 12 minutes and 59 seconds
2025-06-13 08:02:40,932 - pregeneration_scheduler - INFO - Next generation in 11 minutes and 59 seconds
2025-06-13 08:03:40,933 - pregeneration_scheduler - INFO - Next generation in 10 minutes and 59 seconds
2025-06-13 08:04:40,933 - pregeneration_scheduler - INFO - Next generation in 9 minutes and 59 seconds
2025-06-13 08:05:40,934 - pregeneration_scheduler - INFO - Next generation in 8 minutes and 59 seconds
2025-06-13 08:06:40,935 - pregeneration_scheduler - INFO - Next generation in 7 minutes and 59 seconds
2025-06-13 08:07:40,936 - pregeneration_scheduler - INFO - Next generation in 6 minutes and 59 seconds
2025-06-13 08:08:40,937 - pregeneration_scheduler - INFO - Next generation in 5 minutes and 59 seconds
2025-06-13 08:09:40,937 - pregeneration_scheduler - INFO - Next generation in 4 minutes and 59 seconds
2025-06-13 08:10:40,938 - pregeneration_scheduler - INFO - Next generation in 3 minutes and 59 seconds
2025-06-13 08:11:40,939 - pregeneration_scheduler - INFO - Next generation in 2 minutes and 59 seconds
2025-06-13 08:12:40,939 - pregeneration_scheduler - INFO - Next generation in 1 minutes and 59 seconds
2025-06-13 08:13:40,939 - pregeneration_scheduler - INFO - Next generation in 0 minutes and 59 seconds
2025-06-13 08:14:40,920 - pregeneration_scheduler - INFO - Running scheduled card generation at 2025-06-13 08:14:40
2025-06-13 08:16:24,509 - pregeneration_scheduler - INFO - Scheduled card generation completed
2025-06-13 08:16:24,509 - pregeneration_scheduler - INFO - Next generation in 31 minutes and 59 seconds
2025-06-13 08:17:24,509 - pregeneration_scheduler - INFO - Next generation in 30 minutes and 59 seconds
2025-06-13 21:19:15,314 - pregeneration_scheduler - INFO - Card pre-generation scheduler started
2025-06-13 21:19:15,315 - pregeneration_scheduler - INFO - Will generate cards every 32 minutes
2025-06-13 21:19:15,315 - pregeneration_scheduler - WARNING - Detected potentially incorrect system clock - year 2025
2025-06-13 21:19:15,315 - pregeneration_scheduler - WARNING - System clock may be incorrect - will continue but timestamps may be wrong
2025-06-13 21:19:15,315 - pregeneration_scheduler - INFO - Running initial card generation...
2025-06-13 21:29:09,810 - pregeneration_scheduler - INFO - Card pre-generation scheduler started
2025-06-13 21:29:09,811 - pregeneration_scheduler - INFO - Will generate cards every 32 minutes
2025-06-13 21:29:09,811 - pregeneration_scheduler - WARNING - Detected potentially incorrect system clock - year 2025
2025-06-13 21:29:09,811 - pregeneration_scheduler - WARNING - System clock may be incorrect - will continue but timestamps may be wrong
2025-06-13 21:29:09,811 - pregeneration_scheduler - INFO - Running initial card generation...
2025-06-13 21:30:20,158 - pregeneration_scheduler - INFO - Card generation completed successfully
2025-06-13 21:30:20,158 - pregeneration_scheduler - INFO - Next generation in 31 minutes and 59 seconds
2025-06-13 21:31:20,159 - pregeneration_scheduler - INFO - Next generation in 30 minutes and 59 seconds
2025-06-13 21:32:20,160 - pregeneration_scheduler - INFO - Next generation in 29 minutes and 59 seconds
2025-06-13 21:33:20,160 - pregeneration_scheduler - INFO - Next generation in 28 minutes and 59 seconds
2025-06-13 21:34:20,161 - pregeneration_scheduler - INFO - Next generation in 27 minutes and 59 seconds
2025-06-13 21:35:20,161 - pregeneration_scheduler - INFO - Next generation in 26 minutes and 59 seconds
2025-06-13 21:36:20,161 - pregeneration_scheduler - INFO - Next generation in 25 minutes and 59 seconds
2025-06-13 21:37:20,162 - pregeneration_scheduler - INFO - Next generation in 24 minutes and 59 seconds
2025-06-13 21:38:20,162 - pregeneration_scheduler - INFO - Next generation in 23 minutes and 59 seconds
2025-06-13 21:39:20,163 - pregeneration_scheduler - INFO - Next generation in 22 minutes and 59 seconds
2025-06-13 21:40:20,163 - pregeneration_scheduler - INFO - Next generation in 21 minutes and 59 seconds
2025-06-13 21:41:20,164 - pregeneration_scheduler - INFO - Next generation in 20 minutes and 59 seconds
2025-06-13 21:42:20,164 - pregeneration_scheduler - INFO - Next generation in 19 minutes and 59 seconds
2025-06-13 21:43:20,165 - pregeneration_scheduler - INFO - Next generation in 18 minutes and 59 seconds
2025-06-13 21:44:20,165 - pregeneration_scheduler - INFO - Next generation in 17 minutes and 59 seconds
2025-06-13 21:45:20,166 - pregeneration_scheduler - INFO - Next generation in 16 minutes and 59 seconds
2025-06-13 21:46:20,167 - pregeneration_scheduler - INFO - Next generation in 15 minutes and 59 seconds
2025-06-13 21:47:20,167 - pregeneration_scheduler - INFO - Next generation in 14 minutes and 59 seconds
2025-06-13 21:48:20,168 - pregeneration_scheduler - INFO - Next generation in 13 minutes and 59 seconds
2025-06-13 21:49:20,168 - pregeneration_scheduler - INFO - Next generation in 12 minutes and 59 seconds
2025-06-13 21:50:20,168 - pregeneration_scheduler - INFO - Next generation in 11 minutes and 59 seconds
2025-06-13 21:51:20,169 - pregeneration_scheduler - INFO - Next generation in 10 minutes and 59 seconds
2025-06-13 21:52:20,171 - pregeneration_scheduler - INFO - Next generation in 9 minutes and 59 seconds
2025-06-13 21:53:20,173 - pregeneration_scheduler - INFO - Next generation in 8 minutes and 59 seconds
